<?xml version="1.0" encoding="UTF-8"?>
<testng-results ignored="0" total="1" passed="1" failed="0" skipped="0">
  <reporter-output>
  </reporter-output>
  <suite started-at="2022-05-12T14:45:32 IST" name="Default suite" finished-at="2022-05-12T14:45:40 IST" duration-ms="7427">
    <groups>
      <group name="cucumber">
        <method signature="AbstractTestNGCucumberTests.runScenario(io.cucumber.testng.PickleWrapper,io.cucumber.testng.FeatureWrapper)[pri:0, instance:testRunner.RunTest@49b2a47d]" name="runScenario" class="io.cucumber.testng.AbstractTestNGCucumberTests"/>
      </group> <!-- cucumber -->
    </groups>
    <test started-at="2022-05-12T14:45:32 IST" name="Default test" finished-at="2022-05-12T14:45:40 IST" duration-ms="7427">
      <class name="testRunner.RunTest">
        <test-method is-config="true" signature="setUpClass()[pri:0, instance:testRunner.RunTest@49b2a47d]" started-at="2022-05-12T14:45:32 IST" name="setUpClass" finished-at="2022-05-12T14:45:33 IST" duration-ms="594" status="PASS">
          <reporter-output>
          </reporter-output>
        </test-method> <!-- setUpClass -->
        <test-method signature="runScenario(io.cucumber.testng.PickleWrapper,io.cucumber.testng.FeatureWrapper)[pri:0, instance:testRunner.RunTest@49b2a47d]" started-at="2022-05-12T14:45:33 IST" name="runScenario" description="Runs Cucumber Scenarios" data-provider="scenarios" finished-at="2022-05-12T14:45:39 IST" duration-ms="6408" status="PASS">
          <params>
            <param index="0">
              <value>
                <![CDATA["Log in to the Application"]]>
              </value>
            </param>
            <param index="1">
              <value>
                <![CDATA["Optional[Login into Application]"]]>
              </value>
            </param>
          </params>
          <reporter-output>
          </reporter-output>
        </test-method> <!-- runScenario -->
        <test-method is-config="true" signature="tearDownClass()[pri:0, instance:testRunner.RunTest@49b2a47d]" started-at="2022-05-12T14:45:39 IST" name="tearDownClass" finished-at="2022-05-12T14:45:40 IST" duration-ms="390" status="PASS">
          <reporter-output>
          </reporter-output>
        </test-method> <!-- tearDownClass -->
      </class> <!-- testRunner.RunTest -->
    </test> <!-- Default test -->
  </suite> <!-- Default suite -->
</testng-results>
